e:\gitee\zyt\代码\c++代码\学习代码\5_8类和对象三\x64\debug\vc143.pdb
e:\gitee\zyt\代码\c++代码\学习代码\5_8类和对象三\x64\debug\vc143.idb
e:\gitee\zyt\代码\c++代码\学习代码\5_8类和对象三\x64\debug\5_8类和对象三.obj
e:\gitee\zyt\代码\c++代码\学习代码\5_8类和对象三\x64\debug\5_8类和对象三.pdb
e:\gitee\zyt\代码\c++代码\学习代码\5_8类和对象三\x64\debug\5_8类和对象三.tlog\cl.command.1.tlog
e:\gitee\zyt\代码\c++代码\学习代码\5_8类和对象三\x64\debug\5_8类和对象三.tlog\cl.read.1.tlog
e:\gitee\zyt\代码\c++代码\学习代码\5_8类和对象三\x64\debug\5_8类和对象三.tlog\cl.write.1.tlog
e:\gitee\zyt\代码\c++代码\学习代码\5_8类和对象三\x64\debug\5_8类和对象三.tlog\link-cvtres.read.1.tlog
e:\gitee\zyt\代码\c++代码\学习代码\5_8类和对象三\x64\debug\5_8类和对象三.tlog\link-cvtres.write.1.tlog
e:\gitee\zyt\代码\c++代码\学习代码\5_8类和对象三\x64\debug\5_8类和对象三.tlog\link-rc.read.1.tlog
e:\gitee\zyt\代码\c++代码\学习代码\5_8类和对象三\x64\debug\5_8类和对象三.tlog\link-rc.write.1.tlog
e:\gitee\zyt\代码\c++代码\学习代码\5_8类和对象三\x64\debug\5_8类和对象三.tlog\link.31976-cvtres.read.1.tlog
e:\gitee\zyt\代码\c++代码\学习代码\5_8类和对象三\x64\debug\5_8类和对象三.tlog\link.31976-cvtres.write.1.tlog
e:\gitee\zyt\代码\c++代码\学习代码\5_8类和对象三\x64\debug\5_8类和对象三.tlog\link.31976-rc.read.1.tlog
e:\gitee\zyt\代码\c++代码\学习代码\5_8类和对象三\x64\debug\5_8类和对象三.tlog\link.31976-rc.write.1.tlog
e:\gitee\zyt\代码\c++代码\学习代码\5_8类和对象三\x64\debug\5_8类和对象三.tlog\link.31976.read.1.tlog
e:\gitee\zyt\代码\c++代码\学习代码\5_8类和对象三\x64\debug\5_8类和对象三.tlog\link.31976.read.2.tlog
e:\gitee\zyt\代码\c++代码\学习代码\5_8类和对象三\x64\debug\5_8类和对象三.tlog\link.31976.write.1.tlog
e:\gitee\zyt\代码\c++代码\学习代码\5_8类和对象三\x64\debug\5_8类和对象三.tlog\link.command.1.tlog
e:\gitee\zyt\代码\c++代码\学习代码\5_8类和对象三\x64\debug\5_8类和对象三.tlog\link.read.1.tlog
e:\gitee\zyt\代码\c++代码\学习代码\5_8类和对象三\x64\debug\5_8类和对象三.tlog\link.read.2.tlog
e:\gitee\zyt\代码\c++代码\学习代码\5_8类和对象三\x64\debug\5_8类和对象三.tlog\link.write.1.tlog
