  模版初阶.cpp
E:\gitee\zyt\代码\C++代码\学习代码\模版初阶\模版初阶.cpp(109,33): error C3646: “；”: 未知重写说明符
E:\gitee\zyt\代码\C++代码\学习代码\模版初阶\模版初阶.cpp(122): message : 查看对正在编译的 类 模板 实例化“Vector<T>”的引用
E:\gitee\zyt\代码\C++代码\学习代码\模版初阶\模版初阶.cpp(110,9): error C2144: 语法错误:“void”的前面应有“;”
E:\gitee\zyt\代码\C++代码\学习代码\模版初阶\模版初阶.cpp(110,23): error C3646: “；”: 未知重写说明符
E:\gitee\zyt\代码\C++代码\学习代码\模版初阶\模版初阶.cpp(112,9): error C3646: “size_t”: 未知重写说明符
E:\gitee\zyt\代码\C++代码\学习代码\模版初阶\模版初阶.cpp(112,16): error C3646: “Size”: 未知重写说明符
E:\gitee\zyt\代码\C++代码\学习代码\模版初阶\模版初阶.cpp(112,1): error C4430: 缺少类型说明符 - 假定为 int。注意: C++ 不支持默认 int
E:\gitee\zyt\代码\C++代码\学习代码\模版初阶\模版初阶.cpp(112,1): error C2059: 语法错误:“(”
E:\gitee\zyt\代码\C++代码\学习代码\模版初阶\模版初阶.cpp(112,20): error C2059: 语法错误:“(”
E:\gitee\zyt\代码\C++代码\学习代码\模版初阶\模版初阶.cpp(120,1): error C2143: 语法错误: 缺少“)”(在“;”的前面)
E:\gitee\zyt\代码\C++代码\学习代码\模版初阶\模版初阶.cpp(120,1): error C2098: 数据成员“_size”后的意外标记
E:\gitee\zyt\代码\C++代码\学习代码\模版初阶\模版初阶.cpp(120,1): error C2059: 语法错误:“)”
E:\gitee\zyt\代码\C++代码\学习代码\模版初阶\模版初阶.cpp(103,11): error C3861: “_pData”: 找不到标识符
E:\gitee\zyt\代码\C++代码\学习代码\模版初阶\模版初阶.cpp(104,11): error C3861: “_size”: 找不到标识符
E:\gitee\zyt\代码\C++代码\学习代码\模版初阶\模版初阶.cpp(127,9): error C3861: “_pData”: 找不到标识符
E:\gitee\zyt\代码\C++代码\学习代码\模版初阶\模版初阶.cpp(128,18): error C3861: “_pData”: 找不到标识符
E:\gitee\zyt\代码\C++代码\学习代码\模版初阶\模版初阶.cpp(129,5): error C3861: “_size”: 找不到标识符
E:\gitee\zyt\代码\C++代码\学习代码\模版初阶\模版初阶.cpp(132,5): error C2084: 函数“int main(void)”已有主体
E:\gitee\zyt\代码\C++代码\学习代码\模版初阶\模版初阶.cpp(36): message : 参见“main”的前一个定义
